# JRE version: OpenJDK Runtime Environment Temurin-17.0.13+11 (17.0.13+11) (build 17.0.13+11)
# Java VM: OpenJDK 64-Bit Server VM Temurin-17.0.13+11 (17.0.13+11, mixed mode, tiered, compressed oops, compressed class ptrs, g1 gc, windows-amd64)
GC Precious Log:
 CPUs: 4 total, 4 available
 Memory: 8066M
 Large Page Support: Disabled
 NUMA Support: Disabled
 Compressed Oops: Enabled (32-bit)
 Heap Region Size: 1M
 Heap Min Capacity: 8M
 Heap Initial Capacity: 128M
 Heap Max Capacity: 2018M
 Pre-touch: Disabled
 Parallel Workers: 4
 Concurrent Workers: 1
 Concurrent Refinement Workers: 4
 Periodic GC: Disabled
Heap:
 garbage-first heap   total 66560K, used 43154K [0x0000000081e00000, 0x0000000100000000)
  region size 1024K, 11 young (11264K), 1 survivors (1024K)
 Metaspace       used 88893K, committed 89600K, reserved 1179648K
  class space    used 11759K, committed 12096K, reserved 1048576K
GC Heap History (20 events):
Event: 77.826 GC heap before
{Heap before GC invocations=55 (full 0):
 garbage-first heap   total 66560K, used 56414K [0x0000000081e00000, 0x0000000100000000)
  region size 1024K, 22 young (22528K), 1 survivors (1024K)
 Metaspace       used 88865K, committed 89536K, reserved 1179648K
  class space    used 11759K, committed 12096K, reserved 1048576K
}
Event: 77.828 GC heap after
{Heap after GC invocations=56 (full 0):
 garbage-first heap   total 66560K, used 34948K [0x0000000081e00000, 0x0000000100000000)
  region size 1024K, 1 young (1024K), 1 survivors (1024K)
 Metaspace       used 88865K, committed 89536K, reserved 1179648K
  class space    used 11759K, committed 12096K, reserved 1048576K
}
Event: 79.241 GC heap before
{Heap before GC invocations=56 (full 0):
 garbage-first heap   total 66560K, used 56452K [0x0000000081e00000, 0x0000000100000000)
  region size 1024K, 22 young (22528K), 1 survivors (1024K)
 Metaspace       used 88866K, committed 89536K, reserved 1179648K
  class space    used 11759K, committed 12096K, reserved 1048576K
}
Event: 79.242 GC heap after
{Heap after GC invocations=57 (full 0):
 garbage-first heap   total 66560K, used 34973K [0x0000000081e00000, 0x0000000100000000)
  region size 1024K, 1 young (1024K), 1 survivors (1024K)
 Metaspace       used 88866K, committed 89536K, reserved 1179648K
  class space    used 11759K, committed 12096K, reserved 1048576K
}
Event: 81.290 GC heap before
{Heap before GC invocations=57 (full 0):
 garbage-first heap   total 66560K, used 56477K [0x0000000081e00000, 0x0000000100000000)
  region size 1024K, 22 young (22528K), 1 survivors (1024K)
 Metaspace       used 88866K, committed 89536K, reserved 1179648K
  class space    used 11759K, committed 12096K, reserved 1048576K
}
Event: 81.291 GC heap after
{Heap after GC invocations=58 (full 0):
 garbage-first heap   total 66560K, used 34975K [0x0000000081e00000, 0x0000000100000000)
  region size 1024K, 1 young (1024K), 1 survivors (1024K)
 Metaspace       used 88866K, committed 89536K, reserved 1179648K
  class space    used 11759K, committed 12096K, reserved 1048576K
}
Event: 82.872 GC heap before
{Heap before GC invocations=58 (full 0):
 garbage-first heap   total 66560K, used 55455K [0x0000000081e00000, 0x0000000100000000)
  region size 1024K, 22 young (22528K), 1 survivors (1024K)
 Metaspace       used 88868K, committed 89536K, reserved 1179648K
  class space    used 11759K, committed 12096K, reserved 1048576K
}
Event: 82.873 GC heap after
{Heap after GC invocations=59 (full 0):
 garbage-first heap   total 66560K, used 35016K [0x0000000081e00000, 0x0000000100000000)
  region size 1024K, 1 young (1024K), 1 survivors (1024K)
 Metaspace       used 88868K, committed 89536K, reserved 1179648K
  class space    used 11759K, committed 12096K, reserved 1048576K
}
Event: 84.559 GC heap before
{Heap before GC invocations=59 (full 0):
 garbage-first heap   total 66560K, used 56520K [0x0000000081e00000, 0x0000000100000000)
  region size 1024K, 22 young (22528K), 1 survivors (1024K)
 Metaspace       used 88884K, committed 89600K, reserved 1179648K
  class space    used 11759K, committed 12096K, reserved 1048576K
}
Event: 84.560 GC heap after
{Heap after GC invocations=60 (full 0):
 garbage-first heap   total 66560K, used 34994K [0x0000000081e00000, 0x0000000100000000)
  region size 1024K, 1 young (1024K), 1 survivors (1024K)
 Metaspace       used 88884K, committed 89600K, reserved 1179648K
  class space    used 11759K, committed 12096K, reserved 1048576K
}
Event: 85.984 GC heap before
{Heap before GC invocations=60 (full 0):
 garbage-first heap   total 66560K, used 55474K [0x0000000081e00000, 0x0000000100000000)
  region size 1024K, 22 young (22528K), 1 survivors (1024K)
 Metaspace       used 88890K, committed 89600K, reserved 1179648K
  class space    used 11759K, committed 12096K, reserved 1048576K
}
Event: 85.985 GC heap after
{Heap after GC invocations=61 (full 0):
 garbage-first heap   total 66560K, used 34945K [0x0000000081e00000, 0x0000000100000000)
  region size 1024K, 1 young (1024K), 1 survivors (1024K)
 Metaspace       used 88890K, committed 89600K, reserved 1179648K
  class space    used 11759K, committed 12096K, reserved 1048576K
}
Event: 87.641 GC heap before
{Heap before GC invocations=61 (full 0):
 garbage-first heap   total 66560K, used 55425K [0x0000000081e00000, 0x0000000100000000)
  region size 1024K, 22 young (22528K), 1 survivors (1024K)
 Metaspace       used 88890K, committed 89600K, reserved 1179648K
  class space    used 11759K, committed 12096K, reserved 1048576K
}
Event: 87.642 GC heap after
{Heap after GC invocations=62 (full 0):
 garbage-first heap   total 66560K, used 35024K [0x0000000081e00000, 0x0000000100000000)
  region size 1024K, 1 young (1024K), 1 survivors (1024K)
 Metaspace       used 88890K, committed 89600K, reserved 1179648K
  class space    used 11759K, committed 12096K, reserved 1048576K
}
Event: 89.048 GC heap before
{Heap before GC invocations=62 (full 0):
 garbage-first heap   total 66560K, used 56528K [0x0000000081e00000, 0x0000000100000000)
  region size 1024K, 22 young (22528K), 1 survivors (1024K)
 Metaspace       used 88890K, committed 89600K, reserved 1179648K
  class space    used 11759K, committed 12096K, reserved 1048576K
}
Event: 89.050 GC heap after
{Heap after GC invocations=63 (full 0):
 garbage-first heap   total 66560K, used 35005K [0x0000000081e00000, 0x0000000100000000)
  region size 1024K, 1 young (1024K), 1 survivors (1024K)
 Metaspace       used 88890K, committed 89600K, reserved 1179648K
  class space    used 11759K, committed 12096K, reserved 1048576K
}
Event: 90.638 GC heap before
{Heap before GC invocations=63 (full 0):
 garbage-first heap   total 66560K, used 56509K [0x0000000081e00000, 0x0000000100000000)
  region size 1024K, 22 young (22528K), 1 survivors (1024K)
 Metaspace       used 88890K, committed 89600K, reserved 1179648K
  class space    used 11759K, committed 12096K, reserved 1048576K
}
Event: 90.640 GC heap after
{Heap after GC invocations=64 (full 0):
 garbage-first heap   total 66560K, used 35058K [0x0000000081e00000, 0x0000000100000000)
  region size 1024K, 1 young (1024K), 1 survivors (1024K)
 Metaspace       used 88890K, committed 89600K, reserved 1179648K
  class space    used 11759K, committed 12096K, reserved 1048576K
}
Event: 92.895 GC heap before
{Heap before GC invocations=64 (full 0):
 garbage-first heap   total 66560K, used 56562K [0x0000000081e00000, 0x0000000100000000)
  region size 1024K, 22 young (22528K), 1 survivors (1024K)
 Metaspace       used 88893K, committed 89600K, reserved 1179648K
  class space    used 11759K, committed 12096K, reserved 1048576K
}
Event: 92.897 GC heap after
{Heap after GC invocations=65 (full 0):
 garbage-first heap   total 66560K, used 34962K [0x0000000081e00000, 0x0000000100000000)
  region size 1024K, 1 young (1024K), 1 survivors (1024K)
 Metaspace       used 88893K, committed 89600K, reserved 1179648K
  class space    used 11759K, committed 12096K, reserved 1048576K
}

