# JRE version: OpenJDK Runtime Environment Temurin-17.0.13+11 (17.0.13+11) (build 17.0.13+11)
# Java VM: OpenJDK 64-Bit Server VM Temurin-17.0.13+11 (17.0.13+11, mixed mode, tiered, compressed oops, compressed class ptrs, g1 gc, windows-amd64)
GC Precious Log:
 CPUs: 4 total, 4 available
 Memory: 8066M
 Large Page Support: Disabled
 NUMA Support: Disabled
 Compressed Oops: Enabled (32-bit)
 Heap Region Size: 1M
 Heap Min Capacity: 8M
 Heap Initial Capacity: 128M
 Heap Max Capacity: 2018M
 Pre-touch: Disabled
 Parallel Workers: 4
 Concurrent Workers: 1
 Concurrent Refinement Workers: 4
 Periodic GC: Disabled
Heap:
 garbage-first heap   total 122880K, used 78540K [0x0000000081e00000, 0x0000000100000000)
  region size 1024K, 46 young (47104K), 1 survivors (1024K)
 Metaspace       used 95939K, committed 96640K, reserved 1179648K
  class space    used 12249K, committed 12608K, reserved 1048576K
GC Heap History (20 events):
Event: 27970.517 GC heap before
{Heap before GC invocations=72 (full 0):
 garbage-first heap   total 70656K, used 60284K [0x0000000081e00000, 0x0000000100000000)
  region size 1024K, 27 young (27648K), 1 survivors (1024K)
 Metaspace       used 95970K, committed 96640K, reserved 1179648K
  class space    used 12256K, committed 12608K, reserved 1048576K
}
Event: 27970.519 GC heap after
{Heap after GC invocations=73 (full 0):
 garbage-first heap   total 70656K, used 33630K [0x0000000081e00000, 0x0000000100000000)
  region size 1024K, 1 young (1024K), 1 survivors (1024K)
 Metaspace       used 95970K, committed 96640K, reserved 1179648K
  class space    used 12256K, committed 12608K, reserved 1048576K
}
Event: 27972.519 GC heap before
{Heap before GC invocations=74 (full 0):
 garbage-first heap   total 70656K, used 60254K [0x0000000081e00000, 0x0000000100000000)
  region size 1024K, 28 young (28672K), 1 survivors (1024K)
 Metaspace       used 95939K, committed 96640K, reserved 1179648K
  class space    used 12249K, committed 12608K, reserved 1048576K
}
Event: 27972.522 GC heap after
{Heap after GC invocations=75 (full 0):
 garbage-first heap   total 70656K, used 33653K [0x0000000081e00000, 0x0000000100000000)
  region size 1024K, 1 young (1024K), 1 survivors (1024K)
 Metaspace       used 95939K, committed 96640K, reserved 1179648K
  class space    used 12249K, committed 12608K, reserved 1048576K
}
Event: 27972.590 GC heap before
{Heap before GC invocations=75 (full 0):
 garbage-first heap   total 70656K, used 35701K [0x0000000081e00000, 0x0000000100000000)
  region size 1024K, 3 young (3072K), 1 survivors (1024K)
 Metaspace       used 95939K, committed 96640K, reserved 1179648K
  class space    used 12249K, committed 12608K, reserved 1048576K
}
Event: 27972.593 GC heap after
{Heap after GC invocations=76 (full 0):
 garbage-first heap   total 70656K, used 33446K [0x0000000081e00000, 0x0000000100000000)
  region size 1024K, 1 young (1024K), 1 survivors (1024K)
 Metaspace       used 95939K, committed 96640K, reserved 1179648K
  class space    used 12249K, committed 12608K, reserved 1048576K
}
Event: 27973.986 GC heap before
{Heap before GC invocations=76 (full 0):
 garbage-first heap   total 70656K, used 60070K [0x0000000081e00000, 0x0000000100000000)
  region size 1024K, 28 young (28672K), 1 survivors (1024K)
 Metaspace       used 95939K, committed 96640K, reserved 1179648K
  class space    used 12249K, committed 12608K, reserved 1048576K
}
Event: 27973.990 GC heap after
{Heap after GC invocations=77 (full 0):
 garbage-first heap   total 140288K, used 33502K [0x0000000081e00000, 0x0000000100000000)
  region size 1024K, 1 young (1024K), 1 survivors (1024K)
 Metaspace       used 95939K, committed 96640K, reserved 1179648K
  class space    used 12249K, committed 12608K, reserved 1048576K
}
Event: 27978.555 GC heap before
{Heap before GC invocations=78 (full 0):
 garbage-first heap   total 126976K, used 108254K [0x0000000081e00000, 0x0000000100000000)
  region size 1024K, 74 young (75776K), 1 survivors (1024K)
 Metaspace       used 95939K, committed 96640K, reserved 1179648K
  class space    used 12249K, committed 12608K, reserved 1048576K
}
Event: 27978.557 GC heap after
{Heap after GC invocations=79 (full 0):
 garbage-first heap   total 126976K, used 33397K [0x0000000081e00000, 0x0000000100000000)
  region size 1024K, 1 young (1024K), 1 survivors (1024K)
 Metaspace       used 95939K, committed 96640K, reserved 1179648K
  class space    used 12249K, committed 12608K, reserved 1048576K
}
Event: 27978.865 GC heap before
{Heap before GC invocations=79 (full 0):
 garbage-first heap   total 126976K, used 38517K [0x0000000081e00000, 0x0000000100000000)
  region size 1024K, 6 young (6144K), 1 survivors (1024K)
 Metaspace       used 95939K, committed 96640K, reserved 1179648K
  class space    used 12249K, committed 12608K, reserved 1048576K
}
Event: 27978.867 GC heap after
{Heap after GC invocations=80 (full 0):
 garbage-first heap   total 126976K, used 33409K [0x0000000081e00000, 0x0000000100000000)
  region size 1024K, 1 young (1024K), 1 survivors (1024K)
 Metaspace       used 95939K, committed 96640K, reserved 1179648K
  class space    used 12249K, committed 12608K, reserved 1048576K
}
Event: 27983.441 GC heap before
{Heap before GC invocations=80 (full 0):
 garbage-first heap   total 126976K, used 108161K [0x0000000081e00000, 0x0000000100000000)
  region size 1024K, 74 young (75776K), 1 survivors (1024K)
 Metaspace       used 95939K, committed 96640K, reserved 1179648K
  class space    used 12249K, committed 12608K, reserved 1048576K
}
Event: 27983.443 GC heap after
{Heap after GC invocations=81 (full 0):
 garbage-first heap   total 126976K, used 33480K [0x0000000081e00000, 0x0000000100000000)
  region size 1024K, 1 young (1024K), 1 survivors (1024K)
 Metaspace       used 95939K, committed 96640K, reserved 1179648K
  class space    used 12249K, committed 12608K, reserved 1048576K
}
Event: 27989.179 GC heap before
{Heap before GC invocations=82 (full 0):
 garbage-first heap   total 122880K, used 105160K [0x0000000081e00000, 0x0000000100000000)
  region size 1024K, 72 young (73728K), 1 survivors (1024K)
 Metaspace       used 95939K, committed 96640K, reserved 1179648K
  class space    used 12249K, committed 12608K, reserved 1048576K
}
Event: 27989.182 GC heap after
{Heap after GC invocations=83 (full 0):
 garbage-first heap   total 122880K, used 33410K [0x0000000081e00000, 0x0000000100000000)
  region size 1024K, 1 young (1024K), 1 survivors (1024K)
 Metaspace       used 95939K, committed 96640K, reserved 1179648K
  class space    used 12249K, committed 12608K, reserved 1048576K
}
Event: 27989.701 GC heap before
{Heap before GC invocations=83 (full 0):
 garbage-first heap   total 122880K, used 37506K [0x0000000081e00000, 0x0000000100000000)
  region size 1024K, 6 young (6144K), 1 survivors (1024K)
 Metaspace       used 95939K, committed 96640K, reserved 1179648K
  class space    used 12249K, committed 12608K, reserved 1048576K
}
Event: 27989.702 GC heap after
{Heap after GC invocations=84 (full 0):
 garbage-first heap   total 122880K, used 33414K [0x0000000081e00000, 0x0000000100000000)
  region size 1024K, 1 young (1024K), 1 survivors (1024K)
 Metaspace       used 95939K, committed 96640K, reserved 1179648K
  class space    used 12249K, committed 12608K, reserved 1048576K
}
Event: 27997.175 GC heap before
{Heap before GC invocations=84 (full 0):
 garbage-first heap   total 122880K, used 105094K [0x0000000081e00000, 0x0000000100000000)
  region size 1024K, 72 young (73728K), 1 survivors (1024K)
 Metaspace       used 95939K, committed 96640K, reserved 1179648K
  class space    used 12249K, committed 12608K, reserved 1048576K
}
Event: 27997.177 GC heap after
{Heap after GC invocations=85 (full 0):
 garbage-first heap   total 122880K, used 33484K [0x0000000081e00000, 0x0000000100000000)
  region size 1024K, 1 young (1024K), 1 survivors (1024K)
 Metaspace       used 95939K, committed 96640K, reserved 1179648K
  class space    used 12249K, committed 12608K, reserved 1048576K
}

